<?xml version="1.0" encoding="UTF-8"?>
<testsuite xmlns:xsi="http://www.w3.org/2001/XMLSchema-instance" xsi:noNamespaceSchemaLocation="https://maven.apache.org/surefire/maven-surefire-plugin/xsd/surefire-test-report-3.0.xsd" version="3.0" name="TestSuite" time="31.466" tests="3" errors="0" skipped="1" failures="1">
  <properties>
[...]
</properties>
  <testcase name="logoVerification" classname="AllureReport.alluretestCases" time="0.104">
    <system-out><![CDATA[I am onStart method Test
*** Test execution logoVerification failed...
logoVerification failed!
 test case startedlogoVerification Started
*** Test execution logoVerification failed...
logoVerification failed!
The name of the testcase passed is :logoVerificationSuccess
]]></system-out>
    <system-err><![CDATA[SLF4J: Failed to load class "org.slf4j.impl.StaticLoggerBinder".
SLF4J: Defaulting to no-operation (NOP) logger implementation
SLF4J: See http://www.slf4j.org/codes.html#StaticLoggerBinder for further details.
Starting ChromeDriver 91.0.4472.101 (af52a90bf87030dd1523486a1cd3ae25c5d76c9b-refs/branch-heads/4472@{#1462}) on port 8933
Only local connections are allowed.
Please see https://chromedriver.chromium.org/security-considerations for suggestions on keeping ChromeDriver safe.
ChromeDriver was started successfully.
Jul 22, 2021 6:23:04 PM org.openqa.selenium.remote.ProtocolHandshake createSession
INFO: Detected dialect: W3C
]]></system-err>
  </testcase>
  <testcase name="Logindetails" classname="AllureReport.alluretestCases" time="9.433">
    <failure message="expected [Facebookganesh] but found [Facebook]" type="java.lang.AssertionError"><![CDATA[java.lang.AssertionError: expected [Facebookganesh] but found [Facebook]
	at AllureReport.alluretestCases.Logindetails(alluretestCases.java:56)
]]></failure>
    <system-out><![CDATA[*** Test execution Logindetails failed...
Logindetails failed!
 test case startedLogindetails Started
Facebook
*** Test execution Logindetails failed...
Logindetails failed!
The name of the testcase failed is :LogindetailsFailed
*** Test execution Logindetails failed...
Logindetails failed!
Screenshot captured for test cases :Logindetails
*** Test execution Logindetails failed...
Logindetails failed!
]]></system-out>
  </testcase>
  <testcase name="logout" classname="AllureReport.alluretestCases" time="0">
    <skipped message="Skipping this test"/>
    <system-out><![CDATA[*** Test execution logout failed...
logout failed!
 test case startedlogout Started
The name of the testcase Skipped is :logout
]]></system-out>
  </testcase>
</testsuite>