-------------------------------------------------------------------------------
Test set: TestSuite
-------------------------------------------------------------------------------
Tests run: 3, Failures: 1, Errors: 0, Skipped: 1, Time elapsed: 31.466 s <<< FAILURE! - in TestSuite
AllureReport.alluretestCases.Logindetails  Time elapsed: 9.433 s  <<< FAILURE!
java.lang.AssertionError: expected [Facebookganesh] but found [Facebook]
	at AllureReport.alluretestCases.Logindetails(alluretestCases.java:56)

